<?xml version="1.0" encoding="UTF-8"?>
<!-- Generated by org.testng.reporters.JUnitXMLReporter -->
<testsuite hostname="claudiu-Aspire" name="Surefire test" tests="23" failures="0" timestamp="14 Jun 2018 03:16:56 GMT" time="2.378" errors="0">
  <testcase name="deleteEmployeeByInvalidSsn" time="0.109" classname="com.healthchart.springmvc.dao.EmployeeDaoImplTest"/>
  <testcase name="deleteEmployeeBySsn" time="0.004" classname="com.healthchart.springmvc.dao.EmployeeDaoImplTest"/>
  <testcase name="findAllEmployees" time="0.003" classname="com.healthchart.springmvc.dao.EmployeeDaoImplTest"/>
  <testcase name="findById" time="0.011" classname="com.healthchart.springmvc.dao.EmployeeDaoImplTest"/>
  <testcase name="findEmployeeBySsn" time="0.015" classname="com.healthchart.springmvc.dao.EmployeeDaoImplTest"/>
  <testcase name="saveEmployee" time="0.036" classname="com.healthchart.springmvc.dao.EmployeeDaoImplTest"/>
  <testcase name="deleteEmployeeBySsn" time="0.02" classname="com.healthchart.springmvc.service.EmployeeServiceImplTest"/>
  <testcase name="findAllEmployees" time="0.001" classname="com.healthchart.springmvc.service.EmployeeServiceImplTest"/>
  <testcase name="findById" time="0.0" classname="com.healthchart.springmvc.service.EmployeeServiceImplTest"/>
  <testcase name="findEmployeeBySsn" time="0.0" classname="com.healthchart.springmvc.service.EmployeeServiceImplTest"/>
  <testcase name="isEmployeeSsnUnique" time="0.0" classname="com.healthchart.springmvc.service.EmployeeServiceImplTest"/>
  <testcase name="saveEmployee" time="0.001" classname="com.healthchart.springmvc.service.EmployeeServiceImplTest"/>
  <testcase name="updateEmployee" time="0.001" classname="com.healthchart.springmvc.service.EmployeeServiceImplTest"/>
  <testcase name="deleteEmployee" time="0.0" classname="com.healthchart.springmvc.controller.AppControllerTest"/>
  <testcase name="editEmployee" time="0.022" classname="com.healthchart.springmvc.controller.AppControllerTest"/>
  <testcase name="listEmployees" time="0.0" classname="com.healthchart.springmvc.controller.AppControllerTest"/>
  <testcase name="newEmployee" time="0.0" classname="com.healthchart.springmvc.controller.AppControllerTest"/>
  <testcase name="saveEmployeeWithSuccess" time="0.001" classname="com.healthchart.springmvc.controller.AppControllerTest"/>
  <testcase name="saveEmployeeWithValidationError" time="0.0" classname="com.healthchart.springmvc.controller.AppControllerTest"/>
  <testcase name="saveEmployeeWithValidationErrorNonUniqueSSN" time="0.002" classname="com.healthchart.springmvc.controller.AppControllerTest"/>
  <testcase name="updateEmployeeWithSuccess" time="0.001" classname="com.healthchart.springmvc.controller.AppControllerTest"/>
  <testcase name="updateEmployeeWithValidationError" time="0.0" classname="com.healthchart.springmvc.controller.AppControllerTest"/>
  <testcase name="updateEmployeeWithValidationErrorNonUniqueSSN" time="0.001" classname="com.healthchart.springmvc.controller.AppControllerTest"/>
</testsuite> <!-- Surefire test -->
